<?xml version="1.0" encoding="UTF-8"?>
<!-- Generated by org.testng.reporters.JUnitReportReporter -->
<testsuite hostname="amit" failures="0" tests="3" name="testNG.DEMO" time="0.022" errors="0" timestamp="2025-09-09T17:34:52 IST" skipped="0">
  <testcase classname="testNG.DEMO" name="case2" time="0.003"/>
  <testcase classname="testNG.DEMO" name="case3" time="0.005"/>
  <testcase classname="testNG.DEMO" name="case1" time="0.014"/>
</testsuite> <!-- testNG.DEMO -->
