<?xml version="1.0" encoding="UTF-8"?>
<!-- Generated by org.testng.reporters.JUnitReportReporter -->
<testsuite hostname="amit" failures="0" tests="2" name="typeofExecution.D5t" time="0.015" errors="0" timestamp="2025-09-16T10:41:05 IST" skipped="0">
  <testcase classname="typeofExecution.D5t" name="case7" time="0.013"/>
  <testcase classname="typeofExecution.D5t" name="case8" time="0.002"/>
</testsuite> <!-- typeofExecution.D5t -->
