<?xml version="1.0" encoding="UTF-8"?>
<!-- Generated by org.testng.reporters.JUnitReportReporter -->
<testsuite hostname="amit" failures="0" tests="4" name="testNG.dataProvider_TestNG" time="31.343" errors="0" timestamp="2025-09-16T09:54:24 IST" skipped="0">
  <testcase classname="testNG.dataProvider_TestNG" name="data_provider" time="9.259"/>
  <testcase classname="testNG.dataProvider_TestNG" name="data_provider" time="6.813"/>
  <testcase classname="testNG.dataProvider_TestNG" name="data_provider" time="7.014"/>
  <testcase classname="testNG.dataProvider_TestNG" name="data_provider" time="8.257"/>
</testsuite> <!-- testNG.dataProvider_TestNG -->
