<?xml version="1.0" encoding="UTF-8"?>
<!-- Generated by org.testng.reporters.JUnitReportReporter -->
<testsuite hostname="amit" failures="0" tests="1" name="typeofExecution.D2t" time="6.339" errors="0" timestamp="2025-09-16T10:35:02 IST" skipped="0">
  <testcase classname="typeofExecution.D2t" name="case2" time="6.339"/>
</testsuite> <!-- typeofExecution.D2t -->
