<?xml version="1.0" encoding="UTF-8"?>
<!-- Generated by org.testng.reporters.JUnitReportReporter -->
<testsuite hostname="amit" failures="0" tests="1" name="typeofExecution.D3t" time="6.221" errors="0" timestamp="2025-09-16T10:35:02 IST" skipped="0">
  <testcase classname="typeofExecution.D3t" name="case1" time="6.221"/>
</testsuite> <!-- typeofExecution.D3t -->
