<?xml version="1.0" encoding="UTF-8"?>
<!-- Generated by org.testng.reporters.JUnitReportReporter -->
<testsuite hostname="amit" failures="0" tests="2" name="typeofExecution.D4t" time="0.005" errors="0" timestamp="2025-09-16T10:41:05 IST" skipped="0">
  <testcase classname="typeofExecution.D4t" name="case5" time="0.002"/>
  <testcase classname="typeofExecution.D4t" name="case6" time="0.003"/>
</testsuite> <!-- typeofExecution.D4t -->
