<?xml version="1.0" encoding="UTF-8"?>
<!-- Generated by org.testng.reporters.JUnitReportReporter -->
<testsuite hostname="amit" failures="0" tests="1" name="typeofExecution.D1t" time="7.084" errors="0" timestamp="2025-09-16T10:35:02 IST" skipped="0">
  <testcase classname="typeofExecution.D1t" name="case3" time="7.084"/>
</testsuite> <!-- typeofExecution.D1t -->
